<?xml version="1.0" encoding="UTF-8"?>
<!-- Generated by org.testng.reporters.JUnitReportReporter -->
<testsuite hostname="DESKTOP-TBT5KPO" failures="0" tests="1" name="com.training.qa.selenium_training.Case1" time="3.843" errors="0" timestamp="2024-01-02T18:05:01 CET" skipped="0">
  <testcase classname="com.training.qa.selenium_training.Case1" name="openMyBlog" time="3.843"/>
</testsuite> <!-- com.training.qa.selenium_training.Case1 -->
